Determining if the Q_WS_X11 exist failed with the following output:
Change Dir: /Users/Ben/Dropbox/Classes/6.111/FinalProject/cutecom-0.22.0/CMakeFiles/CMakeTmp

Run Build Command:"/usr/bin/make" "cmTryCompileExec2749511414/fast"
/Applications/Xcode.app/Contents/Developer/usr/bin/make -f CMakeFiles/cmTryCompileExec2749511414.dir/build.make CMakeFiles/cmTryCompileExec2749511414.dir/build
/usr/local/Cellar/cmake/3.0.1/bin/cmake -E cmake_progress_report /Users/Ben/Dropbox/Classes/6.111/FinalProject/cutecom-0.22.0/CMakeFiles/CMakeTmp/CMakeFiles 1
Building CXX object CMakeFiles/cmTryCompileExec2749511414.dir/CheckSymbolExists.cxx.o
/usr/bin/c++    -isysroot /Applications/Xcode.app/Contents/Developer/Platforms/MacOSX.platform/Developer/SDKs/MacOSX10.10.sdk -F/Library/Frameworks    -o CMakeFiles/cmTryCompileExec2749511414.dir/CheckSymbolExists.cxx.o -c /Users/Ben/Dropbox/Classes/6.111/FinalProject/cutecom-0.22.0/CMakeFiles/CMakeTmp/CheckSymbolExists.cxx
In file included from /Users/Ben/Dropbox/Classes/6.111/FinalProject/cutecom-0.22.0/CMakeFiles/CMakeTmp/CheckSymbolExists.cxx:2:
/Library/Frameworks/QtCore.framework/Headers/qglobal.h:328:6: warning: "This version of Mac OS X is unsupported" [-W#warnings]
#    warning "This version of Mac OS X is unsupported"
     ^
/Users/Ben/Dropbox/Classes/6.111/FinalProject/cutecom-0.22.0/CMakeFiles/CMakeTmp/CheckSymbolExists.cxx:8:19: error: use of undeclared identifier 'Q_WS_X11'
  return ((int*)(&Q_WS_X11))[argc];
                  ^
1 warning and 1 error generated.
make[1]: *** [CMakeFiles/cmTryCompileExec2749511414.dir/CheckSymbolExists.cxx.o] Error 1
make: *** [cmTryCompileExec2749511414/fast] Error 2

File /Users/Ben/Dropbox/Classes/6.111/FinalProject/cutecom-0.22.0/CMakeFiles/CMakeTmp/CheckSymbolExists.cxx:
/* */
#include <QtCore/qglobal.h>

int main(int argc, char** argv)
{
  (void)argv;
#ifndef Q_WS_X11
  return ((int*)(&Q_WS_X11))[argc];
#else
  (void)argc;
  return 0;
#endif
}

Determining if the Q_WS_WIN exist failed with the following output:
Change Dir: /Users/Ben/Dropbox/Classes/6.111/FinalProject/cutecom-0.22.0/CMakeFiles/CMakeTmp

Run Build Command:"/usr/bin/make" "cmTryCompileExec824253586/fast"
/Applications/Xcode.app/Contents/Developer/usr/bin/make -f CMakeFiles/cmTryCompileExec824253586.dir/build.make CMakeFiles/cmTryCompileExec824253586.dir/build
/usr/local/Cellar/cmake/3.0.1/bin/cmake -E cmake_progress_report /Users/Ben/Dropbox/Classes/6.111/FinalProject/cutecom-0.22.0/CMakeFiles/CMakeTmp/CMakeFiles 1
Building CXX object CMakeFiles/cmTryCompileExec824253586.dir/CheckSymbolExists.cxx.o
/usr/bin/c++    -isysroot /Applications/Xcode.app/Contents/Developer/Platforms/MacOSX.platform/Developer/SDKs/MacOSX10.10.sdk -F/Library/Frameworks    -o CMakeFiles/cmTryCompileExec824253586.dir/CheckSymbolExists.cxx.o -c /Users/Ben/Dropbox/Classes/6.111/FinalProject/cutecom-0.22.0/CMakeFiles/CMakeTmp/CheckSymbolExists.cxx
In file included from /Users/Ben/Dropbox/Classes/6.111/FinalProject/cutecom-0.22.0/CMakeFiles/CMakeTmp/CheckSymbolExists.cxx:2:
/Library/Frameworks/QtCore.framework/Headers/qglobal.h:328:6: warning: "This version of Mac OS X is unsupported" [-W#warnings]
#    warning "This version of Mac OS X is unsupported"
     ^
/Users/Ben/Dropbox/Classes/6.111/FinalProject/cutecom-0.22.0/CMakeFiles/CMakeTmp/CheckSymbolExists.cxx:8:19: error: use of undeclared identifier 'Q_WS_WIN'
  return ((int*)(&Q_WS_WIN))[argc];
                  ^
1 warning and 1 error generated.
make[1]: *** [CMakeFiles/cmTryCompileExec824253586.dir/CheckSymbolExists.cxx.o] Error 1
make: *** [cmTryCompileExec824253586/fast] Error 2

File /Users/Ben/Dropbox/Classes/6.111/FinalProject/cutecom-0.22.0/CMakeFiles/CMakeTmp/CheckSymbolExists.cxx:
/* */
#include <QtCore/qglobal.h>

int main(int argc, char** argv)
{
  (void)argv;
#ifndef Q_WS_WIN
  return ((int*)(&Q_WS_WIN))[argc];
#else
  (void)argc;
  return 0;
#endif
}

Determining if the Q_WS_QWS exist failed with the following output:
Change Dir: /Users/Ben/Dropbox/Classes/6.111/FinalProject/cutecom-0.22.0/CMakeFiles/CMakeTmp

Run Build Command:"/usr/bin/make" "cmTryCompileExec2402377000/fast"
/Applications/Xcode.app/Contents/Developer/usr/bin/make -f CMakeFiles/cmTryCompileExec2402377000.dir/build.make CMakeFiles/cmTryCompileExec2402377000.dir/build
/usr/local/Cellar/cmake/3.0.1/bin/cmake -E cmake_progress_report /Users/Ben/Dropbox/Classes/6.111/FinalProject/cutecom-0.22.0/CMakeFiles/CMakeTmp/CMakeFiles 1
Building CXX object CMakeFiles/cmTryCompileExec2402377000.dir/CheckSymbolExists.cxx.o
/usr/bin/c++    -isysroot /Applications/Xcode.app/Contents/Developer/Platforms/MacOSX.platform/Developer/SDKs/MacOSX10.10.sdk -F/Library/Frameworks    -o CMakeFiles/cmTryCompileExec2402377000.dir/CheckSymbolExists.cxx.o -c /Users/Ben/Dropbox/Classes/6.111/FinalProject/cutecom-0.22.0/CMakeFiles/CMakeTmp/CheckSymbolExists.cxx
In file included from /Users/Ben/Dropbox/Classes/6.111/FinalProject/cutecom-0.22.0/CMakeFiles/CMakeTmp/CheckSymbolExists.cxx:2:
/Library/Frameworks/QtCore.framework/Headers/qglobal.h:328:6: warning: "This version of Mac OS X is unsupported" [-W#warnings]
#    warning "This version of Mac OS X is unsupported"
     ^
/Users/Ben/Dropbox/Classes/6.111/FinalProject/cutecom-0.22.0/CMakeFiles/CMakeTmp/CheckSymbolExists.cxx:8:19: error: use of undeclared identifier 'Q_WS_QWS'
  return ((int*)(&Q_WS_QWS))[argc];
                  ^
1 warning and 1 error generated.
make[1]: *** [CMakeFiles/cmTryCompileExec2402377000.dir/CheckSymbolExists.cxx.o] Error 1
make: *** [cmTryCompileExec2402377000/fast] Error 2

File /Users/Ben/Dropbox/Classes/6.111/FinalProject/cutecom-0.22.0/CMakeFiles/CMakeTmp/CheckSymbolExists.cxx:
/* */
#include <QtCore/qglobal.h>

int main(int argc, char** argv)
{
  (void)argv;
#ifndef Q_WS_QWS
  return ((int*)(&Q_WS_QWS))[argc];
#else
  (void)argc;
  return 0;
#endif
}

